Starting TWRP 3.7.1_12-Samsung Galaxy M33 >_<-a28a9f38 on Thu Apr 18 17:25:37 2024
 (pid 437)
I:=> product model: 'SM-M336B'
I:=> using device id: 'SM-M336B'
TW_NO_REBOOT_BOOTLOADER := true
RECOVERY_SDCARD_ON_DATA := true
I:Lun file '/config/usb_gadget/g1/functions/mass_storage.0/lun.0/file' does not exist, USB storage mode disabled
TW_HAS_DOWNLOAD_MODE := true
PRODUCT_USE_DYNAMIC_PARTITIONS := true
I:TW_BRIGHTNESS_PATH := /sys/class/backlight/panel/brightness
I:Found brightness file at '/sys/class/backlight/panel/brightness'
I:TWFunc::Set_Brightness: Setting brightness control to 150
I:TW_EXCLUDE_ENCRYPTED_BACKUPS := true
I:TW_EXCLUDE_MTP := true
I:LANG: en
boot command: boot-recovery
I:Startup Commands: 
=> Linking mtab
=> Processing /etc/recovery.fstab
I:Reading /etc/recovery.fstab
I:Processing '/system'
I:Created '/system_root' folder.
I:Unhandled flag: 'avb=vbmeta'
I:Unhandled flag: 'first_stage_mount'
I:Trying to prepare system from super partition
I:Symlinking /dev/block/dm-0 => /dev/block/bootdevice/by-name/system 
I:Found an additional entry for '/system'
I:Processing '/system'
I:Found an additional entry for '/system'
I:Processing '/system'
I:Processing '/vendor'
I:Unhandled flag: 'avb'
I:Unhandled flag: 'first_stage_mount'
I:Trying to prepare vendor from super partition
I:Symlinking /dev/block/dm-3 => /dev/block/bootdevice/by-name/vendor 
I:Processing '/product'
I:Created '/product' folder.
I:Unhandled flag: 'avb'
I:Unhandled flag: 'first_stage_mount'
I:Trying to prepare product from super partition
I:Symlinking /dev/block/dm-2 => /dev/block/bootdevice/by-name/product 
I:Processing '/odm'
I:Unhandled flag: 'avb'
I:Unhandled flag: 'first_stage_mount'
I:Trying to prepare odm from super partition
I:Symlinking /dev/block/dm-1 => /dev/block/bootdevice/by-name/odm 
I:Processing '/boot'
I:Unhandled flag: 'recoveryonly'
I:Processing '/recovery'
I:Unhandled flag: 'recoveryonly'
I:Processing '/metadata'
I:Unhandled flag: 'first_stage_mount'
I:Processing '/data'
I:Unhandled flag: 'recoveryonly'
I:Ignoring the 'fscompress' fstab flag
I:Processing '/cache'
I:Created '/cache' folder.
I:Unhandled flag: 'recoveryonly'
I:Processing '/sdcard'
I:Unhandled flag: 'recoveryonly'
I:Processing '/efs'
I:Unhandled flag: 'recoveryonly'
I:Processing '/sec_efs'
I:Unhandled flag: 'recoveryonly'
I:Processing '/carrier'
I:Created '/carrier' folder.
I:Unhandled flag: 'recoveryonly'
I:Processing '/preload'
I:Created '/preload' folder.
I:Unhandled flag: 'recoveryonly'
I:Processing '/modem'
I:Unhandled flag: 'recoveryonly'
I:Processing '/persist'
I:Created '/persist' folder.
I:Can't probe device /dev/block/sda20
I:Unable to mount '/persist'
I:Actual block device: '/dev/block/sda20', current file system: 'ext4'
I:Processing '/misc'
I:Unhandled flag: 'recoveryonly'
I:Processing '/keydata'
I:Created '/keydata' folder.
I:Unhandled flag: 'recoveryonly'
I:Processing '/keyrefuge'
I:Created '/keyrefuge' folder.
I:Unhandled flag: 'recoveryonly'
I:Processing '/dtbo'
I:Unhandled flag: 'recoveryonly'
I:Processing '/prism'
I:Created '/prism' folder.
I:Unhandled flag: 'recoveryonly'
I:Processing '/optics'
I:Created '/optics' folder.
I:Unhandled flag: 'recoveryonly'
I:Processing '/vbmeta_system'
I:Unhandled flag: 'recoveryonly'
I:Processing '/vendor_boot'
I:Unhandled flag: 'recoveryonly'
I:Processing '/vbmeta_samsung'
I:Unhandled flag: 'recoveryonly'
I:Processing '/system_ext'
I:Created '/system_ext' folder.
I:Unhandled flag: 'avb'
I:Unhandled flag: 'first_stage_mount'
I:Trying to prepare system_ext from super partition
I:unable to update logical partition: /system_ext
I:Processing '/vendor_dlkm'
I:Unhandled flag: 'avb'
I:Unhandled flag: 'first_stage_mount'
I:Trying to prepare vendor_dlkm from super partition
I:Symlinking /dev/block/dm-4 => /dev/block/bootdevice/by-name/vendor_dlkm 
I:Setting 'external_storage.projid.enabled' to '1' from /vendor/build.prop
I:Setting 'external_storage.casefold.enabled' to '1' from /vendor/build.prop
I:Setting 'external_storage.sdcardfs.enabled' to '0' from /vendor/build.prop
I:GetFstabPath: /odm/etc/fstab.s5e8825
I:GetFstabPath: /vendor/etc/fstab.s5e8825
I:Fstab: /vendor/etc/fstab.s5e8825
I:Reading /etc/additional.fstab
I:Processing '/metadata'
I:Unhandled flag: 'first_stage_mount'
I:Processing '/data'
I:Unhandled flag: 'latemount'
I:Unhandled flag: 'reservedsize=128M'
I:FBE contents 'aes-256-xts', filenames 'aes-256-cts:v2+inlinecrypt_optimized+wrappedkey_v0'
I:Metadata contents 'aes-256-xts', filenames 'wrappedkey_v0'
I:Unhandled flag: 'checkpoint=fs'
I:Ignoring the 'fscompress' fstab flag
I:setting Key_Directory to: /metadata/vold/metadata_encryption
I:Done processing fstab files
I:Property ro.boot.product.vendor.sku not found, trying to get vintf manifest file name from ro.board.platform
I:Separate manifest doesn't exist for 'android.hardware.keymaster'
I:/vendor/etc/vintf/manifest_universal8825.xml not found. Using default path for manifest.xml
I:PageManager::LoadFileToBuffer loading filename: '/vendor/etc/vintf/manifest.xml' directly
I:Looking for 'android.hardware.keymaster' service in manifest
I:Unable to unmount '/vendor'
I:Keymaster_Ver::Unable to find vendor manifest on the device, and no default value set. Checking the ramdisk manifest
I:Property ro.boot.product.vendor.sku not found, trying to get vintf manifest file name from ro.board.platform
I:Separate manifest doesn't exist for 'android.hardware.keymaster'
I:/vendor/etc/vintf/manifest_universal8825.xml not found. Using default path for manifest.xml
I:PageManager::LoadFileToBuffer loading filename: '/vendor/etc/vintf/manifest.xml' directly
I:Looking for 'android.hardware.keymaster' service in manifest
I:Keymaster_Ver::Using keymaster version '' for decryption
Failed to unmount '/vendor' (Device or resource busy)
Starting the UI...
Skipping adf graphics -- not present in build tree
setting DRM_FORMAT_XBGR8888 and GGL_PIXEL_FORMAT_RGBA_8888
setting DRM_FORMAT_XBGR8888 and GGL_PIXEL_FORMAT_RGBA_8888
Using drm graphics.
I:TWFunc::Set_Brightness: Setting brightness control to 150
I:Loading package: splash (/twres/splash.xml)
I:Load XML directly
I:PageManager::LoadFileToBuffer loading filename: '/twres/splash.xml' directly
I:Checking resolution...
I:Scaling theme width 1.000000x and height 1.222917x, offsets x: 0 y: 60 w: 0 h: -60
I:Loading resources...
I:Loading variables...
I:Loading mouse cursor...
I:Loading pages...
I:Loading page splash
I:Switching packages (splash)
I:Setting up '/data' as data/media emulated storage.
I:Can't probe device /dev/block/sda36
I:Unable to mount '/data'
I:Actual block device: '/dev/block/sda36', current file system: 'f2fs'
I:Can't probe device /dev/block/sda36
Failed to mount '/data' (Invalid argument)
I:Actual block device: '/dev/block/sda36', current file system: 'f2fs'
Unable to recreate /data/media folder.
E:failed to mount loop: /tmp/com.android.apex.cts.shim.apex: Value too large for defined data type
E:Unable to create loop devices to mount apex files
E:Unable to load apex images from /system_root/system/apex
I:Backup folder set to '/data/media/TWRP/BACKUPS/SM-M336B'
Updating partition details...
I:checking for twrp app
I:Can't probe device /dev/block/sda20
Failed to mount '/persist' (Invalid argument)
I:Actual block device: '/dev/block/sda20', current file system: 'ext4'
I:Can't probe device /dev/block/sda22
Failed to mount '/keyrefuge' (Invalid argument)
I:Actual block device: '/dev/block/sda22', current file system: 'f2fs'
I:Can't probe device /dev/block/sda36
Failed to mount '/data' (Invalid argument)
I:Actual block device: '/dev/block/sda36', current file system: 'f2fs'
...done
I:Can't probe device /dev/block/sda36
I:Unable to mount '/data'
I:Actual block device: '/dev/block/sda36', current file system: 'f2fs'
Unable to mount storage
/super | /dev/block/by-name/super | Size: 0MB
   Flags: Can_Be_Backed_Up IsPresent Can_Flash_Img 
   Alternate_Block_Device: /dev/block/by-name/super
   Display_Name: super
   Backup_Path: /super
   Backup_Name: super
   Backup_Display_Name: Super (system vendor product odm)
   Current_File_System: emmc
   Backup_Method: dd

I:Unmounting main partitions...
I:Loading package: TWRP (/data/media/TWRP/theme/ui.zip)
I:Loading zip theme
I:Loading package: TWRP (/twres/ui.xml)
I:Load XML directly
I:PageManager::LoadFileToBuffer loading filename: '/twres/languages/zh_TW.xml' directly
I:PageManager::LoadFileToBuffer loading filename: '/twres/languages/zh_CN.xml' directly
I:PageManager::LoadFileToBuffer loading filename: '/twres/languages/uk.xml' directly
I:PageManager::LoadFileToBuffer loading filename: '/twres/languages/tr.xml' directly
I:PageManager::LoadFileToBuffer loading filename: '/twres/languages/sv.xml' directly
I:PageManager::LoadFileToBuffer loading filename: '/twres/languages/sl.xml' directly
I:PageManager::LoadFileToBuffer loading filename: '/twres/languages/sk.xml' directly
I:PageManager::LoadFileToBuffer loading filename: '/twres/languages/ru.xml' directly
I:PageManager::LoadFileToBuffer loading filename: '/twres/languages/pt_PT.xml' directly
I:PageManager::LoadFileToBuffer loading filename: '/twres/languages/pt_BR.xml' directly
I:PageManager::LoadFileToBuffer loading filename: '/twres/languages/pl.xml' directly
I:PageManager::LoadFileToBuffer loading filename: '/twres/languages/nl.xml' directly
I:PageManager::LoadFileToBuffer loading filename: '/twres/languages/lk.xml' directly
I:PageManager::LoadFileToBuffer loading filename: '/twres/languages/ja.xml' directly
I:PageManager::LoadFileToBuffer loading filename: '/twres/languages/it.xml' directly
I:PageManager::LoadFileToBuffer loading filename: '/twres/languages/id.xml' directly
I:PageManager::LoadFileToBuffer loading filename: '/twres/languages/hu.xml' directly
I:PageManager::LoadFileToBuffer loading filename: '/twres/languages/fr.xml' directly
I:PageManager::LoadFileToBuffer loading filename: '/twres/languages/es.xml' directly
I:PageManager::LoadFileToBuffer loading filename: '/twres/languages/en.xml' directly
I:PageManager::LoadFileToBuffer loading filename: '/twres/languages/el.xml' directly
I:PageManager::LoadFileToBuffer loading filename: '/twres/languages/de.xml' directly
I:PageManager::LoadFileToBuffer loading filename: '/twres/languages/cz.xml' directly
I:PageManager::LoadFileToBuffer loading filename: '/twres/languages/en.xml' directly
parsing languageFile
parsing languageFile done
I:PageManager::LoadFileToBuffer loading filename: '/twres/ui.xml' directly
I:Checking resolution...
I:Scaling theme width 1.000000x and height 1.222917x, offsets x: 0 y: 60 w: 0 h: -60
I:Loading resources...
I:Failed to load image from indeterminate013, error -1
I:Loading variables...
I:Loading mouse cursor...
I:Loading pages...
I:Including file: /twres/portrait.xml...
I:PageManager::LoadFileToBuffer loading filename: '/twres/portrait.xml' directly
I:Loading resources...
I:Loading variables...
I:Loading mouse cursor...
I:Loading pages...
I:Loading page main
I:Loading page main2
I:Loading page install
I:Loading page flash_confirm
I:Loading page flash_zip
I:Loading page flash_done
I:Loading page flash_sleep_and_reboot
I:Loading page flashimage_confirm
I:Loading page clear_vars
I:Loading page reboot_system_routine
I:Loading page confirm_action
I:Loading page action_page
I:Loading page singleaction_page
I:Loading page action_complete
I:Loading page filecheck
I:Loading page rebootcheck
I:Loading page wipe
I:Loading page advancedwipe
I:Loading page formatdata
I:Loading page formatdata_confirm
I:Loading page checkpartitionlist
I:Loading page partitionoptions
I:Loading page refreshfilesystem
I:Loading page selectfilesystem
I:Loading page backup
I:Loading page multiuser_warning
I:Loading page backup_options
I:Loading page backupname1
I:Loading page backupname2
I:Loading page backupencryption
I:Loading page backupencryption2
I:Loading page checkbackuppassword
I:Loading page backup_run
I:Loading page restore
I:Unable to open '/data/media/TWRP/BACKUPS/SM-M336B'
I:Loading page restore_force
I:Unable to open '/data/media/TWRP/BACKUPS'
I:Loading page restore_read
I:Loading page restore_decrypt
I:Loading page try_restore_decrypt
I:Loading page restore_select
I:Loading page renamebackup
I:Loading page restore_run
I:Loading page mount
I:Loading page usb_mount
I:Loading page usb_umount
I:Loading page system_readonly_check
I:Loading page fastbootreboot
I:Loading page reboot
I:Loading page installapp
I:Loading page system_readonly
I:Loading page settings
I:Loading page settings_timezone
I:Loading page settings_screen
I:Loading page settings_vibration
I:Loading page settings_language
I:Loading page copylog
I:Loading page advanced
I:Loading page partsdcardsel
I:Loading page partsdcardcheck
I:Loading page partsdcard
I:Loading page repackselect
I:Loading page repackconfirm
I:Loading page lock
I:Loading page filemanagerlist
I:Loading page filemanageroptions
I:Loading page choosedestinationfolder
I:Loading page filemanagerrenamefile
I:Loading page filemanagerrenamefolder
I:Loading page filemanagerchmod
I:Loading page filemanagerconfirm
I:Loading page filemanageraction
I:Loading page decrypt
I:Loading page decrypt_pattern
I:Loading page decrypt_pin
I:Loading page trydecrypt
I:Loading page canceldecrypt
I:Loading page terminalcommand
I:Loading page fastboot
I:Loading page sideload
I:Loading page fixcontexts
I:Loading page slideout
I:Loading page select_storage
I:Loading page select_language
I:Loading page decrypt_users
I:Loading page changeTwrpFolder
I:Loading page restore_keymaster
I:Set page: 'clear_vars'
I:Set page: 'main2'
I:Switching packages (TWRP)
ro.boot.cm.param.offset=7340592
ro.boot.em.did=20020f0da25b8011
ro.boot.em.model=SM-M336BU
ro.boot.em.status=0x0
ro.boot.em.rdx_dump=false
ro.boot.im.param.offset=7342864
ro.boot.kg=0x1
ro.boot.kg.ap=bbbb0000000000000000020f0da25b80
ro.boot.kg.bit=00
ro.boot.me.param.offset=7342944
ro.boot.pr.param.offset=7343104
ro.boot.rp=6
ro.boot.sb.debug0=0x0,0x0,0x0,0x0
ro.boot.sn.param.offset=7343024
ro.boot.wb.hs=0e03
ro.boot.wb.snapQB=35047398R
ro.boot.asb=6
ro.boot.sku.param.offset=7343184
ro.boot.svb.ver=SVB1.0
ro.boot.ucnt=7340640
ro.boot.sales.param.offset=7340568
ro.boot.ulcnt=1
ro.boot.subpcb=0
ro.boot.sec_atd.tty=/dev/ttySAC0
ro.boot.selinux=enforcing
ro.boot.ddr_size=6
ro.boot.dtbo_idx=2
ro.boot.hardware=s5e8825
ro.boot.revision=3
ro.boot.ucs_mode=0
ro.boot.ap_serial=0x020F0DA25B80
ro.boot.carrierid=INS
ro.boot.carrierid.param.offset=7340596
ro.boot.dram_info=FF,07,00,6G
ro.boot.edtbo_ver=0
ro.boot.fastbootd=false
ro.boot.prototype.param.offset=7351040
ro.boot.bootloader=M336BUXXS6DXB1
ro.boot.hdm_status=NONE
ro.boot.avb_version=1.2
ro.boot.debug_level=0x4f4c
ro.boot.boot_devices=13500000.ufs
ro.boot.edtbo_offset=7381760
ro.boot.force_upload=0x0
ro.boot.warranty_bit=1
ro.boot.emmc_checksum=3
ro.boot.hmac_mismatch=0
ro.boot.cp_reserved_mem=off
ro.boot.recovery_offset=7355136
ro.boot.verifiedbootstate=orange
ro.baseband=unknown
ro.bootmode=unknown
ro.hardware=s5e8825
ro.revision=3
ro.bootloader=M336BUXXS6DXB1
ro.boottime.adbd=4009724266
ro.boottime.init=1563617883
ro.boottime.init.modules=2034
ro.boottime.init.selinux=75144654
ro.boottime.init.first_stage=2093857999
ro.boottime.init.cold_boot_wait=201
ro.boottime.ueventd=3761642689
ro.boottime.recovery=4005455420
ro.boottime.watchdogd=3973189997
ro.boottime.servicemanager=3980104381
ro.boottime.hwservicemanager=3975780766
ro.boottime.vndservicemanager=3985169305
ro.odm.build.date=Mon Mar  4 17:23:58 IST 2024
ro.odm.build.date.utc=1709553238
ro.odm.build.version.incremental=eng.fluffb.20240304.172458
ro.odm.build.fingerprint=samsung/twrp_m33x/m33x:13/SP2A.220405.004/fluffball03041723:eng/test-keys
ro.product.odm.name=twrp_m33x
ro.product.odm.brand=samsung
ro.product.odm.model=SM-M336B
ro.product.odm.device=m33x
ro.product.odm.manufacturer=samsung
ro.adb.secure=0
ro.build.id=SP2A.220405.004
ro.build.date=Mon Mar  4 17:23:58 IST 2024
ro.build.date.utc=1709553238
ro.build.host=ubuntu-22-04.archload
ro.build.tags=test-keys
ro.build.type=eng
ro.build.user=fluffball
ro.build.flavor=twrp_m33x-eng
ro.build.display.id=twrp_m33x-eng 13 SP2A.220405.004 eng.fluffb.20240304.172458 test-keys
ro.build.product=essi
ro.build.version.sdk=32
ro.build.version.base_os=
ro.build.version.release=12
ro.build.version.codename=REL
ro.build.version.incremental=eng.fluffb.20240304.172458
ro.build.version.preview_sdk=0
ro.build.version.all_codenames=REL
ro.build.version.security_patch=2099-12-31
ro.build.version.release_or_codename=13
ro.build.version.preview_sdk_fingerprint=REL
ro.build.version.min_supported_target_sdk=23
ro.build.description=twrp_m33x-eng 13 SP2A.220405.004 eng.fluffb.20240304.172458 test-keys
ro.build.characteristics=default
ro.secure=0
ro.system.build.id=SP2A.220405.004
ro.system.build.date=Mon Mar  4 17:23:58 IST 2024
ro.system.build.date.utc=1709553238
ro.system.build.tags=test-keys
ro.system.build.type=eng
ro.system.build.version.sdk=32
ro.system.build.version.release=12
ro.system.build.version.incremental=eng.fluffb.20240304.172458
ro.system.build.version.release_or_codename=13
ro.system.build.fingerprint=samsung/twrp_m33x/m33x:13/SP2A.220405.004/fluffball03041723:eng/test-keys
ro.treble.enabled=false
ro.product.cpu.abi=arm64-v8a
ro.product.cpu.abilist=arm64-v8a,armeabi-v7a,armeabi
ro.product.cpu.abilist32=armeabi-v7a,armeabi
ro.product.cpu.abilist64=arm64-v8a
ro.product.name=twrp_m33x
ro.product.brand=samsung
ro.product.build.id=SP2A.220405.004
ro.product.build.date=Mon Mar  4 17:23:58 IST 2024
ro.product.build.date.utc=1709553238
ro.product.build.tags=test-keys
ro.product.build.type=eng
ro.product.build.version.sdk=32
ro.product.build.version.release=12
ro.product.build.version.incremental=eng.fluffb.20240304.172458
ro.product.build.version.release_or_codename=13
ro.product.build.fingerprint=samsung/twrp_m33x/m33x:13/SP2A.220405.004/fluffball03041723:eng/test-keys
ro.product.model=SM-M336B
ro.product.device=m33x
ro.product.system.name=twrp_m33x
ro.product.system.brand=samsung
ro.product.system.model=SM-M336B
ro.product.system.device=m33x
ro.product.system.manufacturer=samsung
ro.product.product.name=twrp_m33x
ro.product.product.brand=samsung
ro.product.product.model=SM-M336B
ro.product.product.device=m33x
ro.product.product.manufacturer=samsung
ro.product.system_ext.name=twrp_m33x
ro.product.system_ext.brand=samsung
ro.product.system_ext.model=SM-M336B
ro.product.system_ext.device=m33x
ro.product.system_ext.manufacturer=samsung
ro.product.manufacturer=samsung
ro.debuggable=1
ro.system_ext.build.id=SP2A.220405.004
ro.system_ext.build.date=Mon Mar  4 17:23:58 IST 2024
ro.system_ext.build.date.utc=1709553238
ro.system_ext.build.tags=test-keys
ro.system_ext.build.type=eng
ro.system_ext.build.version.sdk=32
ro.system_ext.build.version.release=12
ro.system_ext.build.version.incremental=eng.fluffb.20240304.172458
ro.system_ext.build.version.release_or_codename=13
ro.system_ext.build.fingerprint=samsung/twrp_m33x/m33x:13/SP2A.220405.004/fluffball03041723:eng/test-keys
ro.actionable_compatible_property.enabled=true
ro.vendor.build.id=SP2A.220405.004
ro.vendor.build.date=Mon Mar  4 17:23:58 IST 2024
ro.vendor.build.date.utc=1709553238
ro.vendor.build.tags=test-keys
ro.vendor.build.type=eng
ro.vendor.build.version.sdk=32
ro.vendor.build.version.release=12
ro.vendor.build.version.incremental=eng.fluffb.20240304.172458
ro.vendor.build.version.release_or_codename=13
ro.vendor.build.fingerprint=samsung/twrp_m33x/m33x:13/SP2A.220405.004/fluffball03041723:eng/test-keys
ro.vendor.product.cpu.abilist=arm64-v8a,armeabi-v7a,armeabi
ro.vendor.product.cpu.abilist32=armeabi-v7a,armeabi
ro.vendor.product.cpu.abilist64=arm64-v8a
ro.product.board=s5e8825
ro.product.vendor.name=twrp_m33x
ro.product.vendor.brand=samsung
ro.product.vendor.model=SM-M336B
ro.product.vendor.device=m33x
ro.product.vendor.manufacturer=samsung
ro.cold_boot_done=true
ro.bionic.arch=arm64
ro.bionic.2nd_arch=arm
ro.bionic.cpu_variant=cortex-a55
ro.bionic.2nd_cpu_variant=cortex-a55
ro.dalvik.vm.native.bridge=0
ro.zygote=zygote64_32
dalvik.vm.isa.arm.variant=cortex-a55
dalvik.vm.isa.arm.features=default
dalvik.vm.isa.arm64.variant=cortex-a55
dalvik.vm.isa.arm64.features=default
dalvik.vm.dexopt.secondary=true
dalvik.vm.dexopt.thermal-cutoff=2
dalvik.vm.usejit=true
dalvik.vm.madvise.artfile.size=4294967295
dalvik.vm.madvise.odexfile.size=104857600
dalvik.vm.madvise.vdexfile.size=104857600
dalvik.vm.lockprof.threshold=500
dalvik.vm.dex2oat-Xms=64m
dalvik.vm.dex2oat-Xmx=512m
dalvik.vm.minidebuginfo=true
dalvik.vm.appimageformat=lz4
dalvik.vm.usejitprofiles=true
dalvik.vm.image-dex2oat-Xms=64m
dalvik.vm.image-dex2oat-Xmx=64m
dalvik.vm.image-dex2oat-filter=extract
dalvik.vm.dex2oat-minidebuginfo=true
dalvik.vm.dex2oat-max-image-block-size=524288
dalvik.vm.dex2oat-resolve-startup-strings=true
dalvik.vm.dex2oat-updatable-bcp-packages-file=/system/etc/updatable-bcp-packages.txt
persist.sys.dalvik.vm.lib.2=libart.so
debug.atrace.tags.enableflags=0
ro.twrp.boot=1
ro.twrp.version=3.7.1_12-Samsung Galaxy M33 >_<
ro.twrp.fastbootd=0
ro.wifi.channels=
ro.allow.mock.location=1
ro.build.selinux=1
ro.iorapd.enable=true
ro.kernel.android.checkjni=1
ro.kernel.version=5.10
ro.system.product.cpu.abilist=arm64-v8a,armeabi-v7a,armeabi
ro.system.product.cpu.abilist32=armeabi-v7a,armeabi
ro.system.product.cpu.abilist64=arm64-v8a
ro.product.locale=en-US
ro.postinstall.fstab.prefix=/system
fbe.contents=aes-256-xts
fbe.filenames=aes-256-cts:v2+inlinecrypt_optimized+wrappedkey_v0
twrp.apex.loaded=false
twrp.super.symlinks_created=true
twrp.crash_counter=0
twrp.action_complete=0
fstab.additional=1
metadata.contents=aes-256-xts
metadata.filenames=wrappedkey_v0
keymaster_ver=
ro.boot.dynamic_partitions=true
ro.hwui.use_vulkan=
ro.board.platform=universal8825
ro.build.ab_update=false
ro.carrier=unknown
pm.dexopt.ab-ota=speed-profile
pm.dexopt.shared=speed
pm.dexopt.cmdline=verify
pm.dexopt.install=speed-profile
pm.dexopt.inactive=verify
pm.dexopt.bg-dexopt=speed-profile
pm.dexopt.first-boot=extract
pm.dexopt.install-bulk=speed-profile
pm.dexopt.install-fast=skip
pm.dexopt.install-bulk-secondary=verify
pm.dexopt.install-bulk-downgraded=verify
pm.dexopt.install-bulk-secondary-downgraded=extract
sys.usb.ffs.aio_compat=1
ro.build.fingerprint=samsung/twrp_m33x/m33x:13/SP2A.220405.004/eng.fluffb.20240304.172458:eng/test-keys
ro.gsid.image_running=0
gsid.image_installed=0
hwservicemanager.ready=true
init.svc.ueventd=running
init.svc.recovery=running
init.svc.watchdogd=stopped
init.svc.servicemanager=running
init.svc.hwservicemanager=running
init.svc.vndservicemanager=running
init.svc.adbd=restarting
init.svc_debug_pid.adbd=438
init.svc_debug_pid.ueventd=420
init.svc_debug_pid.recovery=437
init.svc_debug_pid.watchdogd=
init.svc_debug_pid.servicemanager=435
init.svc_debug_pid.hwservicemanager=434
init.svc_debug_pid.vndservicemanager=436
keyguard.no_require_sim=true
log.tag.stats_log=I
ro.logd.size.stats=64K
persist.debug.dalvik.vm.core_platform_api_policy=just-warn
pm.dexopt.post-boot=extract
pm.dexopt.boot-after-ota=extract
ro.property_service.version=2
ro.minui.pixel_format=RGBX_8888
ro.minui.overscan_percent=0
ro.boot.serialno=RZCT90W7KHL
ro.serialno=RZCT90W7KHL
service.adb.root=1
external_storage.projid.enabled=1
external_storage.casefold.enabled=1
external_storage.sdcardfs.enabled=0
ro.sf.lcd_density=450
dev.mnt.blk.efs=
dev.mnt.blk.odm=
dev.mnt.blk.cache=sda
dev.mnt.blk.vendor=
dev.mnt.blk.sec_efs=
dev.mnt.blk.system_root=
net.bt.name=Android
persist.sys.usb.config=adb,mtp
persist.sys.disable_rescue=true
persist.service.adb.enable=1
ro.config.ringtone=Ring_Synth_04.ogg
ro.config.alarm_alert=Alarm_Classic.ogg
ro.config.notification_sound=OnTheHunt.ogg
ro.com.android.dataroaming=true
tombstoned.max_tombstone_count=50
persist.traced.enable=1
sys.usb.config=adb
sys.usb.configfs=1
sys.usb.controller=13200000.dwc3
ro.odm.build.id=SP2A.220405.004
ro.odm.build.tags=test-keys
ro.odm.build.type=eng
ro.odm.build.version.sdk=32
ro.odm.build.version.release=12
ro.odm.build.version.release_or_codename=13
ro.odm.product.cpu.abilist=arm64-v8a,armeabi-v7a,armeabi
ro.odm.product.cpu.abilist32=armeabi-v7a,armeabi
ro.odm.product.cpu.abilist64=arm64-v8a
vendor.usb.acm_cnt=0
vendor.usb.acm_port0=
vendor.usb.acm_port1=
vendor.usb.acm_enable=0
vendor.usb.controller=dummy_udc.0
ro.vendor.build.security_patch=2099-12-31

I:Overriding ro.build.date.utc with value: "0"
I:Overriding ro.bootimage.build.date.utc with value: "0"
I:Overriding ro.vendor.build.date.utc with value: "0"
I:Overriding ro.system.build.date.utc with value: "0"
I:Overriding ro.system_ext.build.date.utc with value: "0"
I:Overriding ro.product.build.date.utc with value: "0"
I:Overriding ro.odm.build.date.utc with value: "0"
Updating partition details...
I:checking for twrp app
I:Can't probe device /dev/block/sda20
Failed to mount '/persist' (Invalid argument)
I:Actual block device: '/dev/block/sda20', current file system: 'ext4'
I:Can't probe device /dev/block/sda22
Failed to mount '/keyrefuge' (Invalid argument)
I:Actual block device: '/dev/block/sda22', current file system: 'f2fs'
I:Can't probe device /dev/block/sda36
Failed to mount '/data' (Invalid argument)
I:Actual block device: '/dev/block/sda36', current file system: 'f2fs'
...done
I:Can't probe device /dev/block/sda36
I:Unable to mount '/data'
I:Actual block device: '/dev/block/sda36', current file system: 'f2fs'
Unable to mount storage
tw_get_context failed to get selinux context, file /data/media
I:Failed to get default contexts and file mode for storage files.
SELinux contexts loaded from /file_contexts
Full SELinux support is present.
I:Switching packages (TWRP)


Partition Logs:
/system_root | /dev/block/dm-0 | Size: 5699MB Used: 5697MB Free: 2MB Backup Size: 5697MB
   Flags: Can_Be_Mounted IsPresent Mount_Read_Only Is_Super 
   Primary_Block_Device: /dev/block/dm-0
   Display_Name: System
   Storage_Name: System
   Backup_Path: /system_root
   Backup_Name: system
   Backup_Display_Name: System
   Storage_Path: /system_root
   Current_File_System: f2fs
   Fstab_File_System: f2fs
   Backup_Method: files

/vendor | /dev/block/dm-3 | Size: 1139MB Used: 1138MB Free: 1MB Backup Size: 1138MB
   Flags: Can_Be_Mounted IsPresent Mount_Read_Only Is_Super 
   Primary_Block_Device: /dev/block/dm-3
   Display_Name: Vendor
   Storage_Name: Vendor
   Backup_Path: /vendor
   Backup_Name: vendor
   Backup_Display_Name: Vendor
   Storage_Path: /vendor
   Current_File_System: f2fs
   Fstab_File_System: f2fs
   Backup_Method: files

/product | /dev/block/dm-2 | Size: 1549MB Used: 1547MB Free: 2MB Backup Size: 1547MB
   Flags: Can_Be_Mounted IsPresent Mount_Read_Only Is_Super 
   Primary_Block_Device: /dev/block/dm-2
   Display_Name: Product
   Storage_Name: Product
   Backup_Path: /product
   Backup_Name: Product
   Backup_Display_Name: Product
   Storage_Path: /product
   Current_File_System: f2fs
   Fstab_File_System: f2fs
   Backup_Method: files

/odm | /dev/block/dm-1 | Size: 19MB Used: 15MB Free: 4MB Backup Size: 15MB
   Flags: Can_Be_Mounted IsPresent Mount_Read_Only Is_Super 
   Primary_Block_Device: /dev/block/dm-1
   Display_Name: ODM
   Storage_Name: ODM
   Backup_Path: /odm
   Backup_Name: ODM
   Backup_Display_Name: ODM
   Storage_Path: /odm
   Current_File_System: f2fs
   Fstab_File_System: f2fs
   Backup_Method: files

/boot | /dev/block/sda14 | Size: 64MB
   Flags: Can_Be_Backed_Up IsPresent Can_Flash_Img 
   Primary_Block_Device: /dev/block/sda14
   Display_Name: Boot
   Storage_Name: boot
   Backup_Path: /boot
   Backup_Name: boot
   Backup_Display_Name: Boot
   Storage_Path: /boot
   Current_File_System: emmc
   Fstab_File_System: emmc
   Backup_Method: dd

/recovery | /dev/block/sda16 | Size: 96MB
   Flags: IsPresent Can_Flash_Img 
   Primary_Block_Device: /dev/block/sda16
   Display_Name: Recovery
   Storage_Name: recovery
   Backup_Path: /recovery
   Backup_Name: recovery
   Backup_Display_Name: Recovery
   Storage_Path: /recovery
   Current_File_System: emmc
   Fstab_File_System: emmc
   Backup_Method: dd

/cache | /dev/block/sda33 | Size: 582MB Used: 0MB Free: 582MB Backup Size: 0MB
   Flags: Can_Be_Mounted Can_Be_Wiped Can_Be_Backed_Up Wipe_During_Factory_Reset Wipe_Available_in_GUI IsPresent 
   Primary_Block_Device: /dev/block/sda33
   Display_Name: Cache
   Storage_Name: Cache
   Backup_Path: /cache
   Backup_Name: cache
   Backup_Display_Name: Cache
   Storage_Path: /cache
   Current_File_System: ext4
   Fstab_File_System: ext4
   Backup_Method: files

/sdcard | /dev/block/mmcblk0p1 | Size: 30428MB Used: 28694MB Free: 1733MB Backup Size: 28694MB
   Flags: Can_Be_Mounted Can_Be_Wiped Wipe_Available_in_GUI Removable IsPresent Is_Storage 
   Primary_Block_Device: /dev/block/mmcblk0p1
   Display_Name: sdcard
   Storage_Name: sdcard
   Backup_Path: /sdcard
   Backup_Name: sdcard
   Backup_Display_Name: sdcard
   Storage_Path: /sdcard
   Current_File_System: vfat
   Fstab_File_System: vfat
   Backup_Method: files
   MTP_Storage_ID: 65537

/efs | /dev/block/sda2 | Size: 11MB Used: 1MB Free: 10MB Backup Size: 1MB
   Flags: Can_Be_Mounted Can_Be_Wiped IsPresent 
   Primary_Block_Device: /dev/block/sda2
   Display_Name: efs
   Storage_Name: efs
   Backup_Path: /efs
   Backup_Name: efs
   Backup_Display_Name: efs
   Storage_Path: /efs
   Current_File_System: ext4
   Fstab_File_System: ext4
   Backup_Method: files

/sec_efs | /dev/block/sda2 | Size: 11MB Used: 1MB Free: 10MB Backup Size: 1MB
   Flags: Can_Be_Mounted Can_Be_Wiped IsPresent 
   Primary_Block_Device: /dev/block/sda2
   Display_Name: sec_efs
   Storage_Name: sec_efs
   Backup_Path: /sec_efs
   Backup_Name: sec_efs
   Backup_Display_Name: sec_efs
   Storage_Path: /sec_efs
   Current_File_System: ext4
   Fstab_File_System: ext4
   Backup_Method: files

/carrier |  | Size: 0MB Used: 0MB Free: 0MB Backup Size: 0MB
   Flags: Can_Be_Mounted Can_Be_Wiped 
   Primary_Block_Device: /dev/block/by-name/carrier
   Display_Name: carrier
   Storage_Name: carrier
   Backup_Path: /carrier
   Backup_Name: carrier
   Backup_Display_Name: carrier
   Storage_Path: /carrier
   Current_File_System: ext4
   Fstab_File_System: ext4
   Backup_Method: files

/preload |  | Size: 0MB Used: 0MB Free: 0MB Backup Size: 0MB
   Flags: Can_Be_Mounted Can_Be_Wiped 
   Primary_Block_Device: /dev/block/by-name/hidden
   Display_Name: preload
   Storage_Name: preload
   Backup_Path: /preload
   Backup_Name: preload
   Backup_Display_Name: preload
   Storage_Path: /preload
   Current_File_System: ext4
   Fstab_File_System: ext4
   Backup_Method: files

/modem | /dev/block/sda17 | Size: 70MB
   Flags: IsPresent 
   Primary_Block_Device: /dev/block/sda17
   Display_Name: modem
   Storage_Name: modem
   Backup_Path: /modem
   Backup_Name: modem
   Backup_Display_Name: modem
   Storage_Path: /modem
   Current_File_System: emmc
   Fstab_File_System: emmc
   Backup_Method: dd

/persist | /dev/block/sda20 | Size: 0MB Used: 0MB Free: 0MB Backup Size: 0MB
   Flags: Can_Be_Mounted Can_Be_Wiped IsPresent 
   Primary_Block_Device: /dev/block/sda20
   Display_Name: persist
   Storage_Name: persist
   Backup_Path: /persist
   Backup_Name: persist
   Backup_Display_Name: persist
   Storage_Path: /persist
   Current_File_System: ext4
   Fstab_File_System: ext4
   Backup_Method: files
   Mount_Flags: 1030, Mount_Options: barrier=1,data=ordered,nodelalloc,nomblk_io_submit

/misc | /dev/block/sda21 | Size: 1MB
   Flags: IsPresent 
   Primary_Block_Device: /dev/block/sda21
   Display_Name: misc
   Storage_Name: misc
   Backup_Path: /misc
   Backup_Name: misc
   Backup_Display_Name: misc
   Storage_Path: /misc
   Current_File_System: emmc
   Fstab_File_System: emmc
   Backup_Method: dd

/keydata |  | Size: 0MB Used: 0MB Free: 0MB Backup Size: 0MB
   Flags: Can_Be_Mounted Can_Be_Wiped 
   Primary_Block_Device: /dev/block/by-name/keydata
   Display_Name: keydata
   Storage_Name: keydata
   Backup_Path: /keydata
   Backup_Name: keydata
   Backup_Display_Name: keydata
   Storage_Path: /keydata
   Current_File_System: ext4
   Fstab_File_System: ext4
   Backup_Method: files

/keyrefuge | /dev/block/sda22 | Size: 0MB Used: 0MB Free: 0MB Backup Size: 0MB
   Flags: Can_Be_Mounted Can_Be_Wiped IsPresent 
   Primary_Block_Device: /dev/block/sda22
   Display_Name: keyrefuge
   Storage_Name: keyrefuge
   Backup_Path: /keyrefuge
   Backup_Name: keyrefuge
   Backup_Display_Name: keyrefuge
   Storage_Path: /keyrefuge
   Current_File_System: f2fs
   Fstab_File_System: f2fs
   Backup_Method: files

/dtbo | /dev/block/sda12 | Size: 8MB
   Flags: IsPresent 
   Primary_Block_Device: /dev/block/sda12
   Display_Name: dtbo
   Storage_Name: dtbo
   Backup_Path: /dtbo
   Backup_Name: dtbo
   Backup_Display_Name: dtbo
   Storage_Path: /dtbo
   Current_File_System: emmc
   Fstab_File_System: emmc
   Backup_Method: dd

/prism | /dev/block/sda31 | Size: 1356MB Used: 434MB Free: 921MB Backup Size: 434MB
   Flags: Can_Be_Mounted Can_Be_Wiped IsPresent 
   Primary_Block_Device: /dev/block/sda31
   Display_Name: prism
   Storage_Name: prism
   Backup_Path: /prism
   Backup_Name: prism
   Backup_Display_Name: prism
   Storage_Path: /prism
   Current_File_System: ext4
   Fstab_File_System: ext4
   Backup_Method: files

/optics | /dev/block/sda32 | Size: 28MB Used: 0MB Free: 28MB Backup Size: 0MB
   Flags: Can_Be_Mounted Can_Be_Wiped IsPresent 
   Primary_Block_Device: /dev/block/sda32
   Display_Name: optics
   Storage_Name: optics
   Backup_Path: /optics
   Backup_Name: optics
   Backup_Display_Name: optics
   Storage_Path: /optics
   Current_File_System: ext4
   Fstab_File_System: ext4
   Backup_Method: files

/vbmeta_system | /dev/block/sda25 | Size: 0MB
   Flags: IsPresent 
   Primary_Block_Device: /dev/block/sda25
   Display_Name: vbmeta_system
   Storage_Name: vbmeta_system
   Backup_Path: /vbmeta_system
   Backup_Name: vbmeta_system
   Backup_Display_Name: vbmeta_system
   Storage_Path: /vbmeta_system
   Current_File_System: emmc
   Fstab_File_System: emmc
   Backup_Method: dd

/vendor_boot | /dev/block/sda15 | Size: 32MB
   Flags: IsPresent 
   Primary_Block_Device: /dev/block/sda15
   Display_Name: vendor_boot
   Storage_Name: vendor_boot
   Backup_Path: /vendor_boot
   Backup_Name: vendor_boot
   Backup_Display_Name: vendor_boot
   Storage_Path: /vendor_boot
   Current_File_System: emmc
   Fstab_File_System: emmc
   Backup_Method: dd

/vbmeta_samsung |  | Size: 0MB
   Flags: 
   Primary_Block_Device: /dev/block/by-name/vbmeta_samsung
   Display_Name: vbmeta_samsung
   Storage_Name: vbmeta_samsung
   Backup_Path: /vbmeta_samsung
   Backup_Name: vbmeta_samsung
   Backup_Display_Name: vbmeta_samsung
   Storage_Path: /vbmeta_samsung
   Current_File_System: emmc
   Fstab_File_System: emmc
   Backup_Method: dd

/vendor_dlkm | /dev/block/dm-4 | Size: 19MB Used: 14MB Free: 5MB Backup Size: 14MB
   Flags: Can_Be_Mounted IsPresent Mount_Read_Only Is_Super 
   Primary_Block_Device: /dev/block/dm-4
   Display_Name: Vendor DLKM
   Storage_Name: Vendor DLKM
   Backup_Path: /vendor_dlkm
   Backup_Name: vendor_dlkm
   Backup_Display_Name: Vendor DLKM
   Storage_Path: /vendor_dlkm
   Current_File_System: f2fs
   Fstab_File_System: f2fs
   Backup_Method: files

/metadata | /dev/block/sda26 | Size: 27MB Used: 0MB Free: 27MB Backup Size: 0MB
   Flags: Can_Be_Mounted Can_Be_Wiped Wipe_Available_in_GUI IsPresent 
   Primary_Block_Device: /dev/block/sda26
   Display_Name: Metadata
   Storage_Name: Metadata
   Backup_Path: /metadata
   Backup_Name: metadata
   Backup_Display_Name: Metadata
   Storage_Path: /metadata
   Current_File_System: ext4
   Fstab_File_System: ext4
   Backup_Method: files
   Mount_Flags: 1046, Mount_Options: noauto_da_alloc,discard,journal_checksum,data=ordered

/data | /dev/block/sda36 | Size: 0MB Used: 0MB Free: 0MB Backup Size: 0MB
   Flags: Can_Be_Mounted Can_Be_Wiped Can_Be_Backed_Up Wipe_During_Factory_Reset Wipe_Available_in_GUI IsPresent Has_Data_Media Can_Encrypt_Backup Use_Userdata_Encryption Is_Storage Is_Settings_Storage 
   Symlink_Path: /data/media
   Symlink_Mount_Point: /sdcard
   Primary_Block_Device: /dev/block/sda36
   Display_Name: Data
   Storage_Name: Internal Storage
   Backup_Path: /data
   Backup_Name: data
   Backup_Display_Name: Data
   Storage_Path: /data/media
   Current_File_System: f2fs
   Fstab_File_System: f2fs
   Backup_Method: files
   Mount_Flags: 1030, Mount_Options: discard,usrquota,grpquota,fsync_mode=nobarrier,reserve_root=32768,resgid=5678,whint_mode=fs-based,inlinecrypt
   MTP_Storage_ID: 65538
   Metadata Key Directory: /metadata/vold/metadata_encryption

/super | /dev/block/by-name/super | Size: 11200MB
   Flags: Can_Be_Backed_Up IsPresent Can_Flash_Img 
   Alternate_Block_Device: /dev/block/by-name/super
   Display_Name: super
   Backup_Path: /super
   Backup_Name: super
   Backup_Display_Name: Super (system vendor product odm)
   Current_File_System: emmc
   Backup_Method: dd

I:Attempt to load settings from settings file...
I:InfoManager file '.twrps' not found.
I:Backup folder set to '/data/media/TWRP/BACKUPS/SM-M336B'
I:Version number saved to '/cache/recovery/.version'
I:Can't probe device /dev/block/sda36
I:Unable to mount '/data'
I:Actual block device: '/dev/block/sda36', current file system: 'f2fs'
I:TWFunc::Set_Brightness: Setting brightness control to 150
I:Starting Adb Backup FIFO
I:PageManager::LoadFileToBuffer loading filename: '/twres/languages/en.xml' directly
parsing languageFile
parsing languageFile done
I:Translating partition display names
I:Backup folder set to '/data/media/TWRP/BACKUPS/SM-M336B'
I:checking for twrp app
I:Can't probe device /dev/block/sda36
I:Unable to mount '/data'
I:Actual block device: '/dev/block/sda36', current file system: 'f2fs'
I:Data partition cannot be mounted during app check
I:App not installed
I:Switching packages (TWRP)
I:Set page: 'main'
I:Set page: 'clear_vars'
I:Set page: 'main2'
I:Set overlay: 'slideout'
